{"timestamp":"2025-12-02T06:37:50.199Z","email":"lala@gmail.com","passwordProvided":true}
{"timestamp":"2025-12-02T08:14:16.273Z","email":"keni@gmail.com","passwordProvided":true}
{"timestamp":"2025-12-02T08:14:18.324Z","email":"keni@gmail.com","passwordProvided":true}
{"timestamp":"2025-12-02T08:14:19.261Z","email":"keni@gmail.com","passwordProvided":true}
{"timestamp":"2025-12-02T08:14:26.298Z","email":"keni@gmail.com","passwordProvided":true}
{"timestamp":"2025-12-02T08:14:26.448Z","email":"keni@gmail.com","passwordProvided":true}
{"timestamp":"2025-12-02T08:14:26.613Z","email":"keni@gmail.com","passwordProvided":true}
{"timestamp":"2025-12-02T08:14:28.178Z","email":"keni@gmail.com","passwordProvided":true}
{"timestamp":"2025-12-02T08:14:28.186Z","email":"keni@gmail.com","passwordProvided":true}
{"timestamp":"2025-12-02T08:18:07.233Z","email":"keni@gmail.com","passwordProvided":true}
{"timestamp":"2025-12-02T08:18:09.389Z","email":"keni@gmail.com","passwordProvided":true}
{"timestamp":"2025-12-02T08:18:09.634Z","email":"keni@gmail.com","passwordProvided":true}
{"timestamp":"2025-12-02T08:18:20.436Z","email":"keni@gmail.com","passwordProvided":true}
{"timestamp":"2025-12-02T08:21:33.419Z","email":"keni@gmail.com","passwordProvided":true}
{"timestamp":"2025-12-02T08:21:34.649Z","email":"keni@gmail.com","passwordProvided":true}
{"timestamp":"2025-12-02T08:21:36.148Z","email":"keni@gmail.com","passwordProvided":true}
{"timestamp":"2025-12-02T08:21:36.315Z","email":"keni@gmail.com","passwordProvided":true}
{"timestamp":"2025-12-02T08:21:36.498Z","email":"keni@gmail.com","passwordProvided":true}
{"timestamp":"2025-12-02T09:40:55.050Z","email":"lala@gmail.com","passwordProvided":true}
{"timestamp":"2025-12-02T15:00:57.600Z","email":"keni@gmail.com","passwordProvided":true}
{"timestamp":"2025-12-02T15:09:03.643Z","email":"laminyamal@gmail.com","passwordProvided":true}
{"timestamp":"2025-12-03T02:09:50.133Z","email":"keni@gmail.com","passwordProvided":true}
{"timestamp":"2025-12-03T02:20:44.258Z","email":"admin@busgogo.com","passwordProvided":true}
{"timestamp":"2025-12-03T02:20:50.250Z","email":"admin@example.com","passwordProvided":true}
{"timestamp":"2025-12-03T04:06:19.486Z","email":"lala@gmail.com","passwordProvided":true}
{"timestamp":"2025-12-03T04:07:00.514Z","email":"keni@gmail.com","passwordProvided":true}
{"timestamp":"2025-12-03T09:19:50.381Z","email":"lala@gmail.com","passwordProvided":true}
{"timestamp":"2025-12-03T17:23:00.597Z","email":"lala@gmail.com","passwordProvided":false}
{"timestamp":"2025-12-03T17:23:05.279Z","email":"lala@gmail.com","passwordProvided":true}
{"timestamp":"2025-12-03T17:23:54.279Z","email":"lala@gmail.com","passwordProvided":true}
{"timestamp":"2025-12-04T02:56:55.798Z","email":"lala@gmail.com","passwordProvided":true}
{"timestamp":"2025-12-04T02:59:14.066Z","email":"keni@gmail.com","passwordProvided":true}
{"timestamp":"2025-12-04T08:19:53.614Z","email":"keni@gamil.com","passwordProvided":true}
{"timestamp":"2025-12-04T08:20:39.355Z","email":"keni@gmail.com","passwordProvided":true}
{"timestamp":"2025-12-11T03:51:37.993Z","email":"a41759292@gmail.com","passwordProvided":true}
{"timestamp":"2025-12-11T03:51:55.689Z","email":"a41759202@gmail.com","passwordProvided":true}
{"timestamp":"2025-12-11T03:52:46.651Z","email":"ww@gmail.com","passwordProvided":true}
{"timestamp":"2025-12-11T03:55:33.988Z","email":"lala@gmail.com","passwordProvided":true}
{"timestamp":"2025-12-12T02:49:10.292Z","email":"keni@gmail.com","passwordProvided":true}
{"timestamp":"2026-01-09T13:55:29.702Z","email":"lala@gmail.com","passwordProvided":true}
{"timestamp":"2026-01-09T15:39:10.094Z","email":"lala@gmail.com","passwordProvided":true}
{"timestamp":"2026-01-09T15:39:10.913Z","email":"lala@gmail.com","passwordProvided":true}
{"timestamp":"2026-01-09T15:39:13.112Z","email":"lala@gmail.com","passwordProvided":true}
{"timestamp":"2026-01-09T15:39:24.109Z","email":"lala@gmail.com","passwordProvided":true}
{"timestamp":"2026-01-09T15:39:24.613Z","email":"lala@gmail.com","passwordProvided":true}
{"timestamp":"2026-01-09T15:39:25.096Z","email":"lala@gmail.com","passwordProvided":true}
{"timestamp":"2026-01-09T15:39:40.100Z","email":"lala@gmail.com","passwordProvided":true}
{"timestamp":"2026-01-10T16:48:13.142Z","email":"ken@gmail.con","passwordProvided":true}
{"timestamp":"2026-01-10T16:48:14.132Z","email":"ken@gmail.con","passwordProvided":true}
{"timestamp":"2026-01-10T16:48:38.712Z","email":"keni@gmail.com","passwordProvided":true}
{"timestamp":"2026-01-11T06:05:03.595Z","email":"curl@test.com","passwordProvided":true}
{"timestamp":"2026-01-11T06:16:22.974Z","email":"keni@gmail.com","passwordProvided":true}
{"timestamp":"2026-01-11T06:45:16.819Z","email":"test@gmail.com","passwordProvided":true}
{"timestamp":"2026-01-11T06:45:37.615Z","email":"test@gmail.com","passwordProvided":true}
{"timestamp":"2026-01-11T06:46:21.800Z","email":"test@gmail.com","passwordProvided":true}
{"timestamp":"2026-01-11T06:46:48.116Z","email":"keni@gmail.com","passwordProvided":true}
{"timestamp":"2026-01-15T02:07:02.463Z","email":"laola@gmail.com","passwordProvided":true}
{"timestamp":"2026-01-15T02:07:35.642Z","email":"laola@gmail.com","passwordProvided":true}
{"timestamp":"2026-01-15T02:13:29.091Z","email":"laola@gmail.com","passwordProvided":true}
{"timestamp":"2026-01-15T02:13:39.884Z","email":"laola@gmail.com","passwordProvided":true}
{"timestamp":"2026-01-15T02:14:01.026Z","email":"lao@gmail.com","passwordProvided":true}
{"timestamp":"2026-01-15T02:36:19.418Z","email":"admin@busgogo.com","passwordProvided":true}
{"timestamp":"2026-01-15T02:36:35.066Z","email":"admin@busgogo.com","passwordProvided":true}
{"timestamp":"2026-01-15T13:43:32.933Z","email":"kavuthao@gmail.com","passwordProvided":true}
{"timestamp":"2026-01-15T13:43:34.827Z","email":"kavuthao@gmail.com","passwordProvided":true}
{"timestamp":"2026-01-15T13:44:29.394Z","email":"admin@busgogo.com","passwordProvided":true}
{"timestamp":"2026-01-15T13:44:34.012Z","email":"admin@busgogo.com","passwordProvided":true}
{"timestamp":"2026-01-15T13:44:34.750Z","email":"admin@busgogo.com","passwordProvided":true}
{"timestamp":"2026-01-15T13:47:08.920Z","email":"admin@busgogo.com","passwordProvided":true}
{"timestamp":"2026-01-15T13:48:21.249Z","email":"admin@busgogo.com","passwordProvided":true}
{"timestamp":"2026-01-15T14:22:29.213Z","email":"admin@busgogo.com","passwordProvided":true}
{"timestamp":"2026-01-15T14:25:59.530Z","email":"admin@busgogo.com","passwordProvided":true}
{"timestamp":"2026-01-17T15:04:45.751Z","email":"@","passwordProvided":false}
{"timestamp":"2026-01-17T15:09:36.759Z","email":"@","passwordProvided":true}
{"timestamp":"2026-01-17T15:11:07.195Z","email":"admin.123@hallo.com","passwordProvided":true}
{"timestamp":"2026-01-17T15:11:15.449Z","email":"admin@busgogo.com","passwordProvided":true}
{"timestamp":"2026-01-17T15:13:36.145Z","email":"admin@busgogo.com","passwordProvided":false}
{"timestamp":"2026-01-17T15:16:24.882Z","email":"kaopun@gmail.com","passwordProvided":true}
{"timestamp":"2026-01-17T15:17:31.780Z","email":"kk@gmail.com","passwordProvided":true}
